

Started GET "/" for ::1 at 2015-05-25 14:33:37 +1200

ActiveRecord::NoDatabaseError (FATAL:  database "qwertyshop_development" does not exist
):
  activerecord (4.2.1) lib/active_record/connection_adapters/postgresql_adapter.rb:661:in `rescue in connect'
  activerecord (4.2.1) lib/active_record/connection_adapters/postgresql_adapter.rb:651:in `connect'
  activerecord (4.2.1) lib/active_record/connection_adapters/postgresql_adapter.rb:242:in `initialize'
  activerecord (4.2.1) lib/active_record/connection_adapters/postgresql_adapter.rb:44:in `new'
  activerecord (4.2.1) lib/active_record/connection_adapters/postgresql_adapter.rb:44:in `postgresql_connection'
  activerecord (4.2.1) lib/active_record/connection_adapters/abstract/connection_pool.rb:438:in `new_connection'
  activerecord (4.2.1) lib/active_record/connection_adapters/abstract/connection_pool.rb:448:in `checkout_new_connection'
  activerecord (4.2.1) lib/active_record/connection_adapters/abstract/connection_pool.rb:422:in `acquire_connection'
  activerecord (4.2.1) lib/active_record/connection_adapters/abstract/connection_pool.rb:349:in `block in checkout'
  /Users/apprentice/.rbenv/versions/2.0.0-p353/lib/ruby/2.0.0/monitor.rb:211:in `mon_synchronize'
  activerecord (4.2.1) lib/active_record/connection_adapters/abstract/connection_pool.rb:348:in `checkout'
  activerecord (4.2.1) lib/active_record/connection_adapters/abstract/connection_pool.rb:263:in `block in connection'
  /Users/apprentice/.rbenv/versions/2.0.0-p353/lib/ruby/2.0.0/monitor.rb:211:in `mon_synchronize'
  activerecord (4.2.1) lib/active_record/connection_adapters/abstract/connection_pool.rb:262:in `connection'
  activerecord (4.2.1) lib/active_record/connection_adapters/abstract/connection_pool.rb:567:in `retrieve_connection'
  activerecord (4.2.1) lib/active_record/connection_handling.rb:113:in `retrieve_connection'
  activerecord (4.2.1) lib/active_record/connection_handling.rb:87:in `connection'
  activerecord (4.2.1) lib/active_record/migration.rb:384:in `connection'
  activerecord (4.2.1) lib/active_record/migration.rb:371:in `call'
  actionpack (4.2.1) lib/action_dispatch/middleware/callbacks.rb:29:in `block in call'
  activesupport (4.2.1) lib/active_support/callbacks.rb:88:in `call'
  activesupport (4.2.1) lib/active_support/callbacks.rb:88:in `_run_callbacks'
  activesupport (4.2.1) lib/active_support/callbacks.rb:776:in `_run_call_callbacks'
  activesupport (4.2.1) lib/active_support/callbacks.rb:81:in `run_callbacks'
  actionpack (4.2.1) lib/action_dispatch/middleware/callbacks.rb:27:in `call'
  actionpack (4.2.1) lib/action_dispatch/middleware/reloader.rb:73:in `call'
  actionpack (4.2.1) lib/action_dispatch/middleware/remote_ip.rb:78:in `call'
  actionpack (4.2.1) lib/action_dispatch/middleware/debug_exceptions.rb:17:in `call'
  web-console (2.1.2) lib/web_console/middleware.rb:37:in `call'
  actionpack (4.2.1) lib/action_dispatch/middleware/show_exceptions.rb:30:in `call'
  railties (4.2.1) lib/rails/rack/logger.rb:38:in `call_app'
  railties (4.2.1) lib/rails/rack/logger.rb:20:in `block in call'
  activesupport (4.2.1) lib/active_support/tagged_logging.rb:68:in `block in tagged'
  activesupport (4.2.1) lib/active_support/tagged_logging.rb:26:in `tagged'
  activesupport (4.2.1) lib/active_support/tagged_logging.rb:68:in `tagged'
  railties (4.2.1) lib/rails/rack/logger.rb:20:in `call'
  actionpack (4.2.1) lib/action_dispatch/middleware/request_id.rb:21:in `call'
  rack (1.6.1) lib/rack/methodoverride.rb:22:in `call'
  rack (1.6.1) lib/rack/runtime.rb:18:in `call'
  activesupport (4.2.1) lib/active_support/cache/strategy/local_cache_middleware.rb:28:in `call'
  rack (1.6.1) lib/rack/lock.rb:17:in `call'
  actionpack (4.2.1) lib/action_dispatch/middleware/static.rb:113:in `call'
  rack (1.6.1) lib/rack/sendfile.rb:113:in `call'
  railties (4.2.1) lib/rails/engine.rb:518:in `call'
  railties (4.2.1) lib/rails/application.rb:164:in `call'
  rack (1.6.1) lib/rack/lock.rb:17:in `call'
  rack (1.6.1) lib/rack/content_length.rb:15:in `call'
  rack (1.6.1) lib/rack/handler/webrick.rb:89:in `service'
  /Users/apprentice/.rbenv/versions/2.0.0-p353/lib/ruby/2.0.0/webrick/httpserver.rb:138:in `service'
  /Users/apprentice/.rbenv/versions/2.0.0-p353/lib/ruby/2.0.0/webrick/httpserver.rb:94:in `run'
  /Users/apprentice/.rbenv/versions/2.0.0-p353/lib/ruby/2.0.0/webrick/server.rb:295:in `block in start_thread'


  Rendered /Users/apprentice/.rbenv/versions/2.0.0-p353/lib/ruby/gems/2.0.0/gems/actionpack-4.2.1/lib/action_dispatch/middleware/templates/rescues/_source.erb (4.2ms)
  Rendered /Users/apprentice/.rbenv/versions/2.0.0-p353/lib/ruby/gems/2.0.0/gems/actionpack-4.2.1/lib/action_dispatch/middleware/templates/rescues/_trace.html.erb (2.0ms)
  Rendered /Users/apprentice/.rbenv/versions/2.0.0-p353/lib/ruby/gems/2.0.0/gems/actionpack-4.2.1/lib/action_dispatch/middleware/templates/rescues/_request_and_response.html.erb (0.9ms)
  Rendered /Users/apprentice/.rbenv/versions/2.0.0-p353/lib/ruby/gems/2.0.0/gems/actionpack-4.2.1/lib/action_dispatch/middleware/templates/rescues/diagnostics.html.erb within rescues/layout (27.9ms)
  Rendered /Users/apprentice/.rbenv/versions/2.0.0-p353/lib/ruby/gems/2.0.0/gems/web-console-2.1.2/lib/web_console/templates/_markup.html.erb (0.5ms)
  Rendered /Users/apprentice/.rbenv/versions/2.0.0-p353/lib/ruby/gems/2.0.0/gems/web-console-2.1.2/lib/web_console/templates/style.css.erb within layouts/inlined_string (0.4ms)
  Rendered /Users/apprentice/.rbenv/versions/2.0.0-p353/lib/ruby/gems/2.0.0/gems/web-console-2.1.2/lib/web_console/templates/_inner_console_markup.html.erb within layouts/inlined_string (0.3ms)
  Rendered /Users/apprentice/.rbenv/versions/2.0.0-p353/lib/ruby/gems/2.0.0/gems/web-console-2.1.2/lib/web_console/templates/_prompt_box_markup.html.erb within layouts/inlined_string (0.5ms)
  Rendered /Users/apprentice/.rbenv/versions/2.0.0-p353/lib/ruby/gems/2.0.0/gems/web-console-2.1.2/lib/web_console/templates/console.js.erb within layouts/javascript (21.6ms)
  Rendered /Users/apprentice/.rbenv/versions/2.0.0-p353/lib/ruby/gems/2.0.0/gems/web-console-2.1.2/lib/web_console/templates/main.js.erb within layouts/javascript (0.5ms)
  Rendered /Users/apprentice/.rbenv/versions/2.0.0-p353/lib/ruby/gems/2.0.0/gems/web-console-2.1.2/lib/web_console/templates/error_page.js.erb within layouts/javascript (0.5ms)
  Rendered /Users/apprentice/.rbenv/versions/2.0.0-p353/lib/ruby/gems/2.0.0/gems/web-console-2.1.2/lib/web_console/templates/index.html.erb (53.3ms)


Started GET "/" for ::1 at 2015-05-25 14:56:17 +1200

ActiveRecord::NoDatabaseError (FATAL:  database "qwertyshop_development" does not exist
):
  activerecord (4.2.1) lib/active_record/connection_adapters/postgresql_adapter.rb:661:in `rescue in connect'
  activerecord (4.2.1) lib/active_record/connection_adapters/postgresql_adapter.rb:651:in `connect'
  activerecord (4.2.1) lib/active_record/connection_adapters/postgresql_adapter.rb:242:in `initialize'
  activerecord (4.2.1) lib/active_record/connection_adapters/postgresql_adapter.rb:44:in `new'
  activerecord (4.2.1) lib/active_record/connection_adapters/postgresql_adapter.rb:44:in `postgresql_connection'
  activerecord (4.2.1) lib/active_record/connection_adapters/abstract/connection_pool.rb:438:in `new_connection'
  activerecord (4.2.1) lib/active_record/connection_adapters/abstract/connection_pool.rb:448:in `checkout_new_connection'
  activerecord (4.2.1) lib/active_record/connection_adapters/abstract/connection_pool.rb:422:in `acquire_connection'
  activerecord (4.2.1) lib/active_record/connection_adapters/abstract/connection_pool.rb:349:in `block in checkout'
  /Users/apprentice/.rbenv/versions/2.0.0-p353/lib/ruby/2.0.0/monitor.rb:211:in `mon_synchronize'
  activerecord (4.2.1) lib/active_record/connection_adapters/abstract/connection_pool.rb:348:in `checkout'
  activerecord (4.2.1) lib/active_record/connection_adapters/abstract/connection_pool.rb:263:in `block in connection'
  /Users/apprentice/.rbenv/versions/2.0.0-p353/lib/ruby/2.0.0/monitor.rb:211:in `mon_synchronize'
  activerecord (4.2.1) lib/active_record/connection_adapters/abstract/connection_pool.rb:262:in `connection'
  activerecord (4.2.1) lib/active_record/connection_adapters/abstract/connection_pool.rb:567:in `retrieve_connection'
  activerecord (4.2.1) lib/active_record/connection_handling.rb:113:in `retrieve_connection'
  activerecord (4.2.1) lib/active_record/connection_handling.rb:87:in `connection'
  activerecord (4.2.1) lib/active_record/migration.rb:384:in `connection'
  activerecord (4.2.1) lib/active_record/migration.rb:371:in `call'
  actionpack (4.2.1) lib/action_dispatch/middleware/callbacks.rb:29:in `block in call'
  activesupport (4.2.1) lib/active_support/callbacks.rb:88:in `call'
  activesupport (4.2.1) lib/active_support/callbacks.rb:88:in `_run_callbacks'
  activesupport (4.2.1) lib/active_support/callbacks.rb:776:in `_run_call_callbacks'
  activesupport (4.2.1) lib/active_support/callbacks.rb:81:in `run_callbacks'
  actionpack (4.2.1) lib/action_dispatch/middleware/callbacks.rb:27:in `call'
  actionpack (4.2.1) lib/action_dispatch/middleware/reloader.rb:73:in `call'
  actionpack (4.2.1) lib/action_dispatch/middleware/remote_ip.rb:78:in `call'
  actionpack (4.2.1) lib/action_dispatch/middleware/debug_exceptions.rb:17:in `call'
  web-console (2.1.2) lib/web_console/middleware.rb:37:in `call'
  actionpack (4.2.1) lib/action_dispatch/middleware/show_exceptions.rb:30:in `call'
  railties (4.2.1) lib/rails/rack/logger.rb:38:in `call_app'
  railties (4.2.1) lib/rails/rack/logger.rb:20:in `block in call'
  activesupport (4.2.1) lib/active_support/tagged_logging.rb:68:in `block in tagged'
  activesupport (4.2.1) lib/active_support/tagged_logging.rb:26:in `tagged'
  activesupport (4.2.1) lib/active_support/tagged_logging.rb:68:in `tagged'
  railties (4.2.1) lib/rails/rack/logger.rb:20:in `call'
  actionpack (4.2.1) lib/action_dispatch/middleware/request_id.rb:21:in `call'
  rack (1.6.1) lib/rack/methodoverride.rb:22:in `call'
  rack (1.6.1) lib/rack/runtime.rb:18:in `call'
  activesupport (4.2.1) lib/active_support/cache/strategy/local_cache_middleware.rb:28:in `call'
  rack (1.6.1) lib/rack/lock.rb:17:in `call'
  actionpack (4.2.1) lib/action_dispatch/middleware/static.rb:113:in `call'
  rack (1.6.1) lib/rack/sendfile.rb:113:in `call'
  railties (4.2.1) lib/rails/engine.rb:518:in `call'
  railties (4.2.1) lib/rails/application.rb:164:in `call'
  rack (1.6.1) lib/rack/lock.rb:17:in `call'
  rack (1.6.1) lib/rack/content_length.rb:15:in `call'
  rack (1.6.1) lib/rack/handler/webrick.rb:89:in `service'
  /Users/apprentice/.rbenv/versions/2.0.0-p353/lib/ruby/2.0.0/webrick/httpserver.rb:138:in `service'
  /Users/apprentice/.rbenv/versions/2.0.0-p353/lib/ruby/2.0.0/webrick/httpserver.rb:94:in `run'
  /Users/apprentice/.rbenv/versions/2.0.0-p353/lib/ruby/2.0.0/webrick/server.rb:295:in `block in start_thread'


  Rendered /Users/apprentice/.rbenv/versions/2.0.0-p353/lib/ruby/gems/2.0.0/gems/actionpack-4.2.1/lib/action_dispatch/middleware/templates/rescues/_source.erb (3.8ms)
  Rendered /Users/apprentice/.rbenv/versions/2.0.0-p353/lib/ruby/gems/2.0.0/gems/actionpack-4.2.1/lib/action_dispatch/middleware/templates/rescues/_trace.html.erb (2.7ms)
  Rendered /Users/apprentice/.rbenv/versions/2.0.0-p353/lib/ruby/gems/2.0.0/gems/actionpack-4.2.1/lib/action_dispatch/middleware/templates/rescues/_request_and_response.html.erb (0.9ms)
  Rendered /Users/apprentice/.rbenv/versions/2.0.0-p353/lib/ruby/gems/2.0.0/gems/actionpack-4.2.1/lib/action_dispatch/middleware/templates/rescues/diagnostics.html.erb within rescues/layout (25.5ms)
  Rendered /Users/apprentice/.rbenv/versions/2.0.0-p353/lib/ruby/gems/2.0.0/gems/web-console-2.1.2/lib/web_console/templates/_markup.html.erb (0.5ms)
  Rendered /Users/apprentice/.rbenv/versions/2.0.0-p353/lib/ruby/gems/2.0.0/gems/web-console-2.1.2/lib/web_console/templates/style.css.erb within layouts/inlined_string (0.3ms)
  Rendered /Users/apprentice/.rbenv/versions/2.0.0-p353/lib/ruby/gems/2.0.0/gems/web-console-2.1.2/lib/web_console/templates/_inner_console_markup.html.erb within layouts/inlined_string (0.3ms)
  Rendered /Users/apprentice/.rbenv/versions/2.0.0-p353/lib/ruby/gems/2.0.0/gems/web-console-2.1.2/lib/web_console/templates/_prompt_box_markup.html.erb within layouts/inlined_string (0.3ms)
  Rendered /Users/apprentice/.rbenv/versions/2.0.0-p353/lib/ruby/gems/2.0.0/gems/web-console-2.1.2/lib/web_console/templates/console.js.erb within layouts/javascript (19.8ms)
  Rendered /Users/apprentice/.rbenv/versions/2.0.0-p353/lib/ruby/gems/2.0.0/gems/web-console-2.1.2/lib/web_console/templates/main.js.erb within layouts/javascript (0.4ms)
  Rendered /Users/apprentice/.rbenv/versions/2.0.0-p353/lib/ruby/gems/2.0.0/gems/web-console-2.1.2/lib/web_console/templates/error_page.js.erb within layouts/javascript (0.4ms)
  Rendered /Users/apprentice/.rbenv/versions/2.0.0-p353/lib/ruby/gems/2.0.0/gems/web-console-2.1.2/lib/web_console/templates/index.html.erb (46.8ms)


Started GET "/" for ::1 at 2015-05-25 15:24:18 +1200

ActiveRecord::PendingMigrationError (

Migrations are pending. To resolve this issue, run:

	bin/rake db:migrate RAILS_ENV=development

):
  activerecord (4.2.1) lib/active_record/migration.rb:393:in `check_pending!'
  activerecord (4.2.1) lib/active_record/migration.rb:374:in `call'
  actionpack (4.2.1) lib/action_dispatch/middleware/callbacks.rb:29:in `block in call'
  activesupport (4.2.1) lib/active_support/callbacks.rb:88:in `call'
  activesupport (4.2.1) lib/active_support/callbacks.rb:88:in `_run_callbacks'
  activesupport (4.2.1) lib/active_support/callbacks.rb:776:in `_run_call_callbacks'
  activesupport (4.2.1) lib/active_support/callbacks.rb:81:in `run_callbacks'
  actionpack (4.2.1) lib/action_dispatch/middleware/callbacks.rb:27:in `call'
  actionpack (4.2.1) lib/action_dispatch/middleware/reloader.rb:73:in `call'
  actionpack (4.2.1) lib/action_dispatch/middleware/remote_ip.rb:78:in `call'
  actionpack (4.2.1) lib/action_dispatch/middleware/debug_exceptions.rb:17:in `call'
  web-console (2.1.2) lib/web_console/middleware.rb:37:in `call'
  actionpack (4.2.1) lib/action_dispatch/middleware/show_exceptions.rb:30:in `call'
  railties (4.2.1) lib/rails/rack/logger.rb:38:in `call_app'
  railties (4.2.1) lib/rails/rack/logger.rb:20:in `block in call'
  activesupport (4.2.1) lib/active_support/tagged_logging.rb:68:in `block in tagged'
  activesupport (4.2.1) lib/active_support/tagged_logging.rb:26:in `tagged'
  activesupport (4.2.1) lib/active_support/tagged_logging.rb:68:in `tagged'
  railties (4.2.1) lib/rails/rack/logger.rb:20:in `call'
  actionpack (4.2.1) lib/action_dispatch/middleware/request_id.rb:21:in `call'
  rack (1.6.1) lib/rack/methodoverride.rb:22:in `call'
  rack (1.6.1) lib/rack/runtime.rb:18:in `call'
  activesupport (4.2.1) lib/active_support/cache/strategy/local_cache_middleware.rb:28:in `call'
  rack (1.6.1) lib/rack/lock.rb:17:in `call'
  actionpack (4.2.1) lib/action_dispatch/middleware/static.rb:113:in `call'
  rack (1.6.1) lib/rack/sendfile.rb:113:in `call'
  railties (4.2.1) lib/rails/engine.rb:518:in `call'
  railties (4.2.1) lib/rails/application.rb:164:in `call'
  rack (1.6.1) lib/rack/lock.rb:17:in `call'
  rack (1.6.1) lib/rack/content_length.rb:15:in `call'
  rack (1.6.1) lib/rack/handler/webrick.rb:89:in `service'
  /Users/apprentice/.rbenv/versions/2.0.0-p353/lib/ruby/2.0.0/webrick/httpserver.rb:138:in `service'
  /Users/apprentice/.rbenv/versions/2.0.0-p353/lib/ruby/2.0.0/webrick/httpserver.rb:94:in `run'
  /Users/apprentice/.rbenv/versions/2.0.0-p353/lib/ruby/2.0.0/webrick/server.rb:295:in `block in start_thread'


  Rendered /Users/apprentice/.rbenv/versions/2.0.0-p353/lib/ruby/gems/2.0.0/gems/actionpack-4.2.1/lib/action_dispatch/middleware/templates/rescues/_source.erb (3.1ms)
  Rendered /Users/apprentice/.rbenv/versions/2.0.0-p353/lib/ruby/gems/2.0.0/gems/actionpack-4.2.1/lib/action_dispatch/middleware/templates/rescues/_trace.html.erb (1.7ms)
  Rendered /Users/apprentice/.rbenv/versions/2.0.0-p353/lib/ruby/gems/2.0.0/gems/actionpack-4.2.1/lib/action_dispatch/middleware/templates/rescues/_request_and_response.html.erb (0.8ms)
  Rendered /Users/apprentice/.rbenv/versions/2.0.0-p353/lib/ruby/gems/2.0.0/gems/actionpack-4.2.1/lib/action_dispatch/middleware/templates/rescues/diagnostics.html.erb within rescues/layout (23.2ms)
  Rendered /Users/apprentice/.rbenv/versions/2.0.0-p353/lib/ruby/gems/2.0.0/gems/web-console-2.1.2/lib/web_console/templates/_markup.html.erb (0.4ms)
  Rendered /Users/apprentice/.rbenv/versions/2.0.0-p353/lib/ruby/gems/2.0.0/gems/web-console-2.1.2/lib/web_console/templates/style.css.erb within layouts/inlined_string (0.4ms)
  Rendered /Users/apprentice/.rbenv/versions/2.0.0-p353/lib/ruby/gems/2.0.0/gems/web-console-2.1.2/lib/web_console/templates/_inner_console_markup.html.erb within layouts/inlined_string (0.5ms)
  Rendered /Users/apprentice/.rbenv/versions/2.0.0-p353/lib/ruby/gems/2.0.0/gems/web-console-2.1.2/lib/web_console/templates/_prompt_box_markup.html.erb within layouts/inlined_string (0.3ms)
  Rendered /Users/apprentice/.rbenv/versions/2.0.0-p353/lib/ruby/gems/2.0.0/gems/web-console-2.1.2/lib/web_console/templates/console.js.erb within layouts/javascript (22.5ms)
  Rendered /Users/apprentice/.rbenv/versions/2.0.0-p353/lib/ruby/gems/2.0.0/gems/web-console-2.1.2/lib/web_console/templates/main.js.erb within layouts/javascript (0.3ms)
  Rendered /Users/apprentice/.rbenv/versions/2.0.0-p353/lib/ruby/gems/2.0.0/gems/web-console-2.1.2/lib/web_console/templates/error_page.js.erb within layouts/javascript (0.5ms)
  Rendered /Users/apprentice/.rbenv/versions/2.0.0-p353/lib/ruby/gems/2.0.0/gems/web-console-2.1.2/lib/web_console/templates/index.html.erb (49.6ms)
  [1m[36m (152.0ms)[0m  [1mCREATE TABLE "schema_migrations" ("version" character varying NOT NULL) [0m
  [1m[35m (2.1ms)[0m  CREATE UNIQUE INDEX  "unique_schema_migrations" ON "schema_migrations"  ("version")
  [1m[36mActiveRecord::SchemaMigration Load (25.2ms)[0m  [1mSELECT "schema_migrations".* FROM "schema_migrations"[0m
Migrating to CreateCategories (20150525024656)
  [1m[35m (0.3ms)[0m  BEGIN
  [1m[36m (78.4ms)[0m  [1mCREATE TABLE "categories" ("id" serial primary key, "name" character varying) [0m
  [1m[35mSQL (0.6ms)[0m  INSERT INTO "schema_migrations" ("version") VALUES ($1)  [["version", "20150525024656"]]
  [1m[36m (16.2ms)[0m  [1mCOMMIT[0m
Migrating to CreateProducts (20150525030132)
  [1m[35m (15.6ms)[0m  BEGIN
  [1m[36m (3.7ms)[0m  [1mCREATE TABLE "products" ("id" serial primary key, "name" character varying, "description" character varying, "price" float, "image_url" character varying) [0m
  [1m[35mSQL (19.4ms)[0m  INSERT INTO "schema_migrations" ("version") VALUES ($1)  [["version", "20150525030132"]]
  [1m[36m (1.0ms)[0m  [1mCOMMIT[0m
  [1m[35mActiveRecord::SchemaMigration Load (0.5ms)[0m  SELECT "schema_migrations".* FROM "schema_migrations"
  [1m[36m (25.6ms)[0m  [1mSELECT t2.oid::regclass::text AS to_table, a1.attname AS column, a2.attname AS primary_key, c.conname AS name, c.confupdtype AS on_update, c.confdeltype AS on_delete
FROM pg_constraint c
JOIN pg_class t1 ON c.conrelid = t1.oid
JOIN pg_class t2 ON c.confrelid = t2.oid
JOIN pg_attribute a1 ON a1.attnum = c.conkey[1] AND a1.attrelid = t1.oid
JOIN pg_attribute a2 ON a2.attnum = c.confkey[1] AND a2.attrelid = t2.oid
JOIN pg_namespace t3 ON c.connamespace = t3.oid
WHERE c.contype = 'f'
  AND t1.relname = 'categories'
  AND t3.nspname = ANY (current_schemas(false))
ORDER BY c.conname
[0m
  [1m[35m (2.2ms)[0m  SELECT t2.oid::regclass::text AS to_table, a1.attname AS column, a2.attname AS primary_key, c.conname AS name, c.confupdtype AS on_update, c.confdeltype AS on_delete
FROM pg_constraint c
JOIN pg_class t1 ON c.conrelid = t1.oid
JOIN pg_class t2 ON c.confrelid = t2.oid
JOIN pg_attribute a1 ON a1.attnum = c.conkey[1] AND a1.attrelid = t1.oid
JOIN pg_attribute a2 ON a2.attnum = c.confkey[1] AND a2.attrelid = t2.oid
JOIN pg_namespace t3 ON c.connamespace = t3.oid
WHERE c.contype = 'f'
  AND t1.relname = 'products'
  AND t3.nspname = ANY (current_schemas(false))
ORDER BY c.conname

  [1m[36m (5114.0ms)[0m  [1mDROP DATABASE IF EXISTS "qwertyshop_development"[0m
PG::ObjectInUse: ERROR:  database "qwertyshop_development" is being accessed by other users
DETAIL:  There is 1 other session using the database.
: DROP DATABASE IF EXISTS "qwertyshop_development"
  [1m[35m (169.8ms)[0m  DROP DATABASE IF EXISTS "qwertyshop_test"
  [1m[36m (0.6ms)[0m  [1mCREATE DATABASE "qwertyshop_development" ENCODING = 'unicode'[0m
PG::DuplicateDatabase: ERROR:  database "qwertyshop_development" already exists
: CREATE DATABASE "qwertyshop_development" ENCODING = 'unicode'
  [1m[35m (805.7ms)[0m  CREATE DATABASE "qwertyshop_test" ENCODING = 'unicode'
  [1m[36mSQL (88.2ms)[0m  [1mCREATE EXTENSION IF NOT EXISTS "plpgsql"[0m
  [1m[35m (62.9ms)[0m  DROP TABLE "categories" CASCADE
  [1m[36m (6.1ms)[0m  [1mCREATE TABLE "categories" ("id" serial primary key, "name" character varying) [0m
  [1m[35m (2.1ms)[0m  DROP TABLE "products" CASCADE
  [1m[36m (3.3ms)[0m  [1mCREATE TABLE "products" ("id" serial primary key, "name" character varying, "description" character varying, "price" float, "image_url" character varying) [0m
  [1m[35m (1.0ms)[0m  SELECT version FROM "schema_migrations"
  [1m[36mSQL (0.4ms)[0m  [1mCREATE EXTENSION IF NOT EXISTS "plpgsql"[0m
  [1m[35m (5.7ms)[0m  CREATE TABLE "categories" ("id" serial primary key, "name" character varying) 
  [1m[36m (3.9ms)[0m  [1mCREATE TABLE "products" ("id" serial primary key, "name" character varying, "description" character varying, "price" float, "image_url" character varying) [0m
  [1m[35m (2.0ms)[0m  CREATE TABLE "schema_migrations" ("version" character varying NOT NULL) 
  [1m[36m (1.7ms)[0m  [1mCREATE UNIQUE INDEX  "unique_schema_migrations" ON "schema_migrations"  ("version")[0m
  [1m[35m (0.6ms)[0m  SELECT version FROM "schema_migrations"
  [1m[36m (1.1ms)[0m  [1mINSERT INTO "schema_migrations" (version) VALUES ('20150525030132')[0m
  [1m[35m (0.5ms)[0m  INSERT INTO "schema_migrations" (version) VALUES ('20150525024656')
  [1m[36mActiveRecord::SchemaMigration Load (0.4ms)[0m  [1mSELECT "schema_migrations".* FROM "schema_migrations"[0m
  [1m[36m (80.4ms)[0m  [1mCREATE TABLE "schema_migrations" ("version" character varying NOT NULL) [0m
  [1m[35m (2.0ms)[0m  CREATE UNIQUE INDEX  "unique_schema_migrations" ON "schema_migrations"  ("version")
  [1m[36mActiveRecord::SchemaMigration Load (0.3ms)[0m  [1mSELECT "schema_migrations".* FROM "schema_migrations"[0m
Migrating to CreateCategories (20150525024656)
  [1m[35m (0.3ms)[0m  BEGIN
  [1m[36m (4.5ms)[0m  [1mCREATE TABLE "categories" ("id" serial primary key, "name" character varying, "created_at" timestamp NOT NULL, "updated_at" timestamp NOT NULL) [0m
  [1m[35mSQL (0.5ms)[0m  INSERT INTO "schema_migrations" ("version") VALUES ($1)  [["version", "20150525024656"]]
  [1m[36m (0.9ms)[0m  [1mCOMMIT[0m
Migrating to CreateProducts (20150525030132)
  [1m[35m (0.4ms)[0m  BEGIN
  [1m[36m (3.8ms)[0m  [1mCREATE TABLE "products" ("id" serial primary key, "name" character varying, "description" character varying, "price" float, "image_url" character varying, "created_at" timestamp NOT NULL, "updated_at" timestamp NOT NULL) [0m
  [1m[35mSQL (0.2ms)[0m  INSERT INTO "schema_migrations" ("version") VALUES ($1)  [["version", "20150525030132"]]
  [1m[36m (0.6ms)[0m  [1mCOMMIT[0m
  [1m[35mActiveRecord::SchemaMigration Load (0.2ms)[0m  SELECT "schema_migrations".* FROM "schema_migrations"
  [1m[36m (2.4ms)[0m  [1mSELECT t2.oid::regclass::text AS to_table, a1.attname AS column, a2.attname AS primary_key, c.conname AS name, c.confupdtype AS on_update, c.confdeltype AS on_delete
FROM pg_constraint c
JOIN pg_class t1 ON c.conrelid = t1.oid
JOIN pg_class t2 ON c.confrelid = t2.oid
JOIN pg_attribute a1 ON a1.attnum = c.conkey[1] AND a1.attrelid = t1.oid
JOIN pg_attribute a2 ON a2.attnum = c.confkey[1] AND a2.attrelid = t2.oid
JOIN pg_namespace t3 ON c.connamespace = t3.oid
WHERE c.contype = 'f'
  AND t1.relname = 'categories'
  AND t3.nspname = ANY (current_schemas(false))
ORDER BY c.conname
[0m
  [1m[35m (1.8ms)[0m  SELECT t2.oid::regclass::text AS to_table, a1.attname AS column, a2.attname AS primary_key, c.conname AS name, c.confupdtype AS on_update, c.confdeltype AS on_delete
FROM pg_constraint c
JOIN pg_class t1 ON c.conrelid = t1.oid
JOIN pg_class t2 ON c.confrelid = t2.oid
JOIN pg_attribute a1 ON a1.attnum = c.conkey[1] AND a1.attrelid = t1.oid
JOIN pg_attribute a2 ON a2.attnum = c.confkey[1] AND a2.attrelid = t2.oid
JOIN pg_namespace t3 ON c.connamespace = t3.oid
WHERE c.contype = 'f'
  AND t1.relname = 'products'
  AND t3.nspname = ANY (current_schemas(false))
ORDER BY c.conname

  [1m[36mCategory Load (0.7ms)[0m  [1mSELECT "categories".* FROM "categories"[0m
  [1m[36mActiveRecord::SchemaMigration Load (0.3ms)[0m  [1mSELECT "schema_migrations".* FROM "schema_migrations"[0m
  [1m[36mActiveRecord::SchemaMigration Load (0.3ms)[0m  [1mSELECT "schema_migrations".* FROM "schema_migrations"[0m
  [1m[35mCategory Load (0.5ms)[0m  SELECT "categories".* FROM "categories"
  [1m[36m (0.1ms)[0m  [1mBEGIN[0m
  [1m[35mSQL (48.6ms)[0m  INSERT INTO "categories" ("name", "created_at", "updated_at") VALUES ($1, $2, $3) RETURNING "id"  [["name", "Movies"], ["created_at", "2015-05-25 03:32:17.363678"], ["updated_at", "2015-05-25 03:32:17.363678"]]
  [1m[36m (0.6ms)[0m  [1mCOMMIT[0m
  [1m[35m (0.1ms)[0m  BEGIN
  [1m[36mSQL (0.2ms)[0m  [1mINSERT INTO "categories" ("name", "created_at", "updated_at") VALUES ($1, $2, $3) RETURNING "id"[0m  [["name", "Music"], ["created_at", "2015-05-25 03:32:17.417747"], ["updated_at", "2015-05-25 03:32:17.417747"]]
  [1m[35m (0.5ms)[0m  COMMIT
  [1m[36m (0.1ms)[0m  [1mBEGIN[0m
  [1m[35mSQL (0.2ms)[0m  INSERT INTO "categories" ("name", "created_at", "updated_at") VALUES ($1, $2, $3) RETURNING "id"  [["name", "Books"], ["created_at", "2015-05-25 03:32:17.420424"], ["updated_at", "2015-05-25 03:32:17.420424"]]
  [1m[36m (0.5ms)[0m  [1mCOMMIT[0m
  [1m[35m (0.1ms)[0m  BEGIN
  [1m[36mSQL (0.2ms)[0m  [1mINSERT INTO "categories" ("name", "created_at", "updated_at") VALUES ($1, $2, $3) RETURNING "id"[0m  [["name", "Other"], ["created_at", "2015-05-25 03:32:17.422728"], ["updated_at", "2015-05-25 03:32:17.422728"]]
  [1m[35m (0.4ms)[0m  COMMIT
  [1m[36mCategory Load (0.7ms)[0m  [1mSELECT "categories".* FROM "categories"[0m
  [1m[36mActiveRecord::SchemaMigration Load (0.3ms)[0m  [1mSELECT "schema_migrations".* FROM "schema_migrations"[0m
  [1m[35mCategory Load (0.5ms)[0m  SELECT "categories".* FROM "categories"
  [1m[36m (0.1ms)[0m  [1mBEGIN[0m
  [1m[35mSQL (0.4ms)[0m  DELETE FROM "categories" WHERE "categories"."id" = $1  [["id", 1]]
  [1m[36m (0.6ms)[0m  [1mCOMMIT[0m
  [1m[35m (0.1ms)[0m  BEGIN
  [1m[36mSQL (0.2ms)[0m  [1mDELETE FROM "categories" WHERE "categories"."id" = $1[0m  [["id", 2]]
  [1m[35m (0.4ms)[0m  COMMIT
  [1m[36m (0.1ms)[0m  [1mBEGIN[0m
  [1m[35mSQL (0.2ms)[0m  DELETE FROM "categories" WHERE "categories"."id" = $1  [["id", 3]]
  [1m[36m (0.7ms)[0m  [1mCOMMIT[0m
  [1m[35m (0.1ms)[0m  BEGIN
  [1m[36mSQL (0.2ms)[0m  [1mDELETE FROM "categories" WHERE "categories"."id" = $1[0m  [["id", 4]]
  [1m[35m (0.3ms)[0m  COMMIT
  [1m[36m (0.1ms)[0m  [1mBEGIN[0m
  [1m[35mSQL (0.3ms)[0m  INSERT INTO "categories" ("name", "created_at", "updated_at") VALUES ($1, $2, $3) RETURNING "id"  [["name", "Movies"], ["created_at", "2015-05-25 03:33:14.116395"], ["updated_at", "2015-05-25 03:33:14.116395"]]
  [1m[36m (0.4ms)[0m  [1mCOMMIT[0m
  [1m[35m (0.1ms)[0m  BEGIN
  [1m[36mSQL (0.2ms)[0m  [1mINSERT INTO "categories" ("name", "created_at", "updated_at") VALUES ($1, $2, $3) RETURNING "id"[0m  [["name", "Music"], ["created_at", "2015-05-25 03:33:14.119196"], ["updated_at", "2015-05-25 03:33:14.119196"]]
  [1m[35m (0.3ms)[0m  COMMIT
  [1m[36m (0.1ms)[0m  [1mBEGIN[0m
  [1m[35mSQL (0.2ms)[0m  INSERT INTO "categories" ("name", "created_at", "updated_at") VALUES ($1, $2, $3) RETURNING "id"  [["name", "Books"], ["created_at", "2015-05-25 03:33:14.120764"], ["updated_at", "2015-05-25 03:33:14.120764"]]
  [1m[36m (0.3ms)[0m  [1mCOMMIT[0m
  [1m[35m (0.1ms)[0m  BEGIN
  [1m[36mSQL (0.2ms)[0m  [1mINSERT INTO "categories" ("name", "created_at", "updated_at") VALUES ($1, $2, $3) RETURNING "id"[0m  [["name", "Other"], ["created_at", "2015-05-25 03:33:14.122278"], ["updated_at", "2015-05-25 03:33:14.122278"]]
  [1m[35m (0.4ms)[0m  COMMIT
  [1m[36mCategory Load (0.2ms)[0m  [1mSELECT "categories".* FROM "categories"[0m
DEPRECATION WARNING: Defining a route where `to` is a controller without an action is deprecated. Please change `to: :index` to `controller: :index`. (called from block in <top (required)> at /Users/apprentice/Documents/craig/QwertyShop/config/routes.rb:3)


Started GET "/" for ::1 at 2015-05-25 15:49:23 +1200
  [1m[36mActiveRecord::SchemaMigration Load (0.4ms)[0m  [1mSELECT "schema_migrations".* FROM "schema_migrations"[0m
Processing by Rails::WelcomeController#index as HTML
  Rendered /Users/apprentice/.rbenv/versions/2.0.0-p353/lib/ruby/gems/2.0.0/gems/railties-4.2.1/lib/rails/templates/rails/welcome/index.html.erb (3.2ms)
Completed 200 OK in 63ms (Views: 45.8ms | ActiveRecord: 0.0ms)


Started GET "/" for ::1 at 2015-05-25 15:49:34 +1200
DEPRECATION WARNING: Defining a route where `to` is a controller without an action is deprecated. Please change `to: :index` to `controller: :index`. (called from block in <top (required)> at /Users/apprentice/Documents/craig/QwertyShop/config/routes.rb:3)

ArgumentError (Missing :action key on routes definition, please check your routes.):
  config/routes.rb:3:in `block in <top (required)>'
  config/routes.rb:1:in `<top (required)>'


  Rendered /Users/apprentice/.rbenv/versions/2.0.0-p353/lib/ruby/gems/2.0.0/gems/actionpack-4.2.1/lib/action_dispatch/middleware/templates/rescues/_source.erb (51.4ms)
  Rendered /Users/apprentice/.rbenv/versions/2.0.0-p353/lib/ruby/gems/2.0.0/gems/actionpack-4.2.1/lib/action_dispatch/middleware/templates/rescues/_trace.html.erb (2.1ms)
  Rendered /Users/apprentice/.rbenv/versions/2.0.0-p353/lib/ruby/gems/2.0.0/gems/actionpack-4.2.1/lib/action_dispatch/middleware/templates/rescues/_request_and_response.html.erb (1.1ms)
  Rendered /Users/apprentice/.rbenv/versions/2.0.0-p353/lib/ruby/gems/2.0.0/gems/actionpack-4.2.1/lib/action_dispatch/middleware/templates/rescues/diagnostics.html.erb within rescues/layout (87.7ms)
  Rendered /Users/apprentice/.rbenv/versions/2.0.0-p353/lib/ruby/gems/2.0.0/gems/web-console-2.1.2/lib/web_console/templates/_markup.html.erb (0.4ms)
  Rendered /Users/apprentice/.rbenv/versions/2.0.0-p353/lib/ruby/gems/2.0.0/gems/web-console-2.1.2/lib/web_console/templates/style.css.erb within layouts/inlined_string (0.4ms)
  Rendered /Users/apprentice/.rbenv/versions/2.0.0-p353/lib/ruby/gems/2.0.0/gems/web-console-2.1.2/lib/web_console/templates/_inner_console_markup.html.erb within layouts/inlined_string (0.4ms)
  Rendered /Users/apprentice/.rbenv/versions/2.0.0-p353/lib/ruby/gems/2.0.0/gems/web-console-2.1.2/lib/web_console/templates/_prompt_box_markup.html.erb within layouts/inlined_string (0.3ms)
  Rendered /Users/apprentice/.rbenv/versions/2.0.0-p353/lib/ruby/gems/2.0.0/gems/web-console-2.1.2/lib/web_console/templates/console.js.erb within layouts/javascript (23.7ms)
  Rendered /Users/apprentice/.rbenv/versions/2.0.0-p353/lib/ruby/gems/2.0.0/gems/web-console-2.1.2/lib/web_console/templates/main.js.erb within layouts/javascript (0.5ms)
  Rendered /Users/apprentice/.rbenv/versions/2.0.0-p353/lib/ruby/gems/2.0.0/gems/web-console-2.1.2/lib/web_console/templates/error_page.js.erb within layouts/javascript (0.6ms)
  Rendered /Users/apprentice/.rbenv/versions/2.0.0-p353/lib/ruby/gems/2.0.0/gems/web-console-2.1.2/lib/web_console/templates/index.html.erb (53.7ms)


Started GET "/" for ::1 at 2015-05-25 15:51:19 +1200
DEPRECATION WARNING: Defining a route where `to` is a controller without an action is deprecated. Please change `to: :index` to `controller: :index`. (called from block in <top (required)> at /Users/apprentice/Documents/craig/QwertyShop/config/routes.rb:4)

ArgumentError (Missing :action key on routes definition, please check your routes.):
  config/routes.rb:4:in `block in <top (required)>'
  config/routes.rb:1:in `<top (required)>'


  Rendered /Users/apprentice/.rbenv/versions/2.0.0-p353/lib/ruby/gems/2.0.0/gems/actionpack-4.2.1/lib/action_dispatch/middleware/templates/rescues/_source.erb (5.7ms)
  Rendered /Users/apprentice/.rbenv/versions/2.0.0-p353/lib/ruby/gems/2.0.0/gems/actionpack-4.2.1/lib/action_dispatch/middleware/templates/rescues/_trace.html.erb (3.0ms)
  Rendered /Users/apprentice/.rbenv/versions/2.0.0-p353/lib/ruby/gems/2.0.0/gems/actionpack-4.2.1/lib/action_dispatch/middleware/templates/rescues/_request_and_response.html.erb (1.0ms)
  Rendered /Users/apprentice/.rbenv/versions/2.0.0-p353/lib/ruby/gems/2.0.0/gems/actionpack-4.2.1/lib/action_dispatch/middleware/templates/rescues/diagnostics.html.erb within rescues/layout (70.4ms)
  Rendered /Users/apprentice/.rbenv/versions/2.0.0-p353/lib/ruby/gems/2.0.0/gems/web-console-2.1.2/lib/web_console/templates/_markup.html.erb (0.4ms)
  Rendered /Users/apprentice/.rbenv/versions/2.0.0-p353/lib/ruby/gems/2.0.0/gems/web-console-2.1.2/lib/web_console/templates/style.css.erb within layouts/inlined_string (0.4ms)
  Rendered /Users/apprentice/.rbenv/versions/2.0.0-p353/lib/ruby/gems/2.0.0/gems/web-console-2.1.2/lib/web_console/templates/_inner_console_markup.html.erb within layouts/inlined_string (0.3ms)
  Rendered /Users/apprentice/.rbenv/versions/2.0.0-p353/lib/ruby/gems/2.0.0/gems/web-console-2.1.2/lib/web_console/templates/_prompt_box_markup.html.erb within layouts/inlined_string (0.3ms)
  Rendered /Users/apprentice/.rbenv/versions/2.0.0-p353/lib/ruby/gems/2.0.0/gems/web-console-2.1.2/lib/web_console/templates/console.js.erb within layouts/javascript (16.7ms)
  Rendered /Users/apprentice/.rbenv/versions/2.0.0-p353/lib/ruby/gems/2.0.0/gems/web-console-2.1.2/lib/web_console/templates/main.js.erb within layouts/javascript (0.4ms)
  Rendered /Users/apprentice/.rbenv/versions/2.0.0-p353/lib/ruby/gems/2.0.0/gems/web-console-2.1.2/lib/web_console/templates/error_page.js.erb within layouts/javascript (0.4ms)
  Rendered /Users/apprentice/.rbenv/versions/2.0.0-p353/lib/ruby/gems/2.0.0/gems/web-console-2.1.2/lib/web_console/templates/index.html.erb (36.0ms)


Started GET "/" for ::1 at 2015-05-25 15:57:18 +1200
DEPRECATION WARNING: Defining a route where `to` is a controller without an action is deprecated. Please change `to: :index` to `controller: :index`. (called from block in <top (required)> at /Users/apprentice/Documents/craig/QwertyShop/config/routes.rb:3)

ArgumentError (Missing :action key on routes definition, please check your routes.):
  config/routes.rb:3:in `block in <top (required)>'
  config/routes.rb:1:in `<top (required)>'


  Rendered /Users/apprentice/.rbenv/versions/2.0.0-p353/lib/ruby/gems/2.0.0/gems/actionpack-4.2.1/lib/action_dispatch/middleware/templates/rescues/_source.erb (5.3ms)
  Rendered /Users/apprentice/.rbenv/versions/2.0.0-p353/lib/ruby/gems/2.0.0/gems/actionpack-4.2.1/lib/action_dispatch/middleware/templates/rescues/_trace.html.erb (2.1ms)
  Rendered /Users/apprentice/.rbenv/versions/2.0.0-p353/lib/ruby/gems/2.0.0/gems/actionpack-4.2.1/lib/action_dispatch/middleware/templates/rescues/_request_and_response.html.erb (0.8ms)
  Rendered /Users/apprentice/.rbenv/versions/2.0.0-p353/lib/ruby/gems/2.0.0/gems/actionpack-4.2.1/lib/action_dispatch/middleware/templates/rescues/diagnostics.html.erb within rescues/layout (23.0ms)
  Rendered /Users/apprentice/.rbenv/versions/2.0.0-p353/lib/ruby/gems/2.0.0/gems/web-console-2.1.2/lib/web_console/templates/_markup.html.erb (0.4ms)
  Rendered /Users/apprentice/.rbenv/versions/2.0.0-p353/lib/ruby/gems/2.0.0/gems/web-console-2.1.2/lib/web_console/templates/style.css.erb within layouts/inlined_string (0.4ms)
  Rendered /Users/apprentice/.rbenv/versions/2.0.0-p353/lib/ruby/gems/2.0.0/gems/web-console-2.1.2/lib/web_console/templates/_inner_console_markup.html.erb within layouts/inlined_string (0.3ms)
  Rendered /Users/apprentice/.rbenv/versions/2.0.0-p353/lib/ruby/gems/2.0.0/gems/web-console-2.1.2/lib/web_console/templates/_prompt_box_markup.html.erb within layouts/inlined_string (0.5ms)
  Rendered /Users/apprentice/.rbenv/versions/2.0.0-p353/lib/ruby/gems/2.0.0/gems/web-console-2.1.2/lib/web_console/templates/console.js.erb within layouts/javascript (20.7ms)
  Rendered /Users/apprentice/.rbenv/versions/2.0.0-p353/lib/ruby/gems/2.0.0/gems/web-console-2.1.2/lib/web_console/templates/main.js.erb within layouts/javascript (0.6ms)
  Rendered /Users/apprentice/.rbenv/versions/2.0.0-p353/lib/ruby/gems/2.0.0/gems/web-console-2.1.2/lib/web_console/templates/error_page.js.erb within layouts/javascript (0.6ms)
  Rendered /Users/apprentice/.rbenv/versions/2.0.0-p353/lib/ruby/gems/2.0.0/gems/web-console-2.1.2/lib/web_console/templates/index.html.erb (93.7ms)


Started GET "/" for ::1 at 2015-05-25 16:00:42 +1200
  [1m[35mActiveRecord::SchemaMigration Load (0.2ms)[0m  SELECT "schema_migrations".* FROM "schema_migrations"
Processing by ApplicationController#index as HTML
Completed 500 Internal Server Error in 17ms (ActiveRecord: 0.0ms)

ActionView::MissingTemplate (Missing template application/index with {:locale=>[:en], :formats=>[:html], :variants=>[], :handlers=>[:erb, :builder, :raw, :ruby, :coffee, :jbuilder]}. Searched in:
  * "/Users/apprentice/Documents/craig/QwertyShop/app/views"
):
  actionview (4.2.1) lib/action_view/path_set.rb:46:in `find'
  actionview (4.2.1) lib/action_view/lookup_context.rb:121:in `find'
  actionview (4.2.1) lib/action_view/renderer/abstract_renderer.rb:18:in `find_template'
  actionview (4.2.1) lib/action_view/renderer/template_renderer.rb:40:in `determine_template'
  actionview (4.2.1) lib/action_view/renderer/template_renderer.rb:8:in `render'
  actionview (4.2.1) lib/action_view/renderer/renderer.rb:42:in `render_template'
  actionview (4.2.1) lib/action_view/renderer/renderer.rb:23:in `render'
  actionview (4.2.1) lib/action_view/rendering.rb:100:in `_render_template'
  actionpack (4.2.1) lib/action_controller/metal/streaming.rb:217:in `_render_template'
  actionview (4.2.1) lib/action_view/rendering.rb:83:in `render_to_body'
  actionpack (4.2.1) lib/action_controller/metal/rendering.rb:32:in `render_to_body'
  actionpack (4.2.1) lib/action_controller/metal/renderers.rb:37:in `render_to_body'
  actionpack (4.2.1) lib/abstract_controller/rendering.rb:25:in `render'
  actionpack (4.2.1) lib/action_controller/metal/rendering.rb:16:in `render'
  actionpack (4.2.1) lib/action_controller/metal/instrumentation.rb:44:in `block (2 levels) in render'
  activesupport (4.2.1) lib/active_support/core_ext/benchmark.rb:12:in `block in ms'
  /Users/apprentice/.rbenv/versions/2.0.0-p353/lib/ruby/2.0.0/benchmark.rb:296:in `realtime'
  activesupport (4.2.1) lib/active_support/core_ext/benchmark.rb:12:in `ms'
  actionpack (4.2.1) lib/action_controller/metal/instrumentation.rb:44:in `block in render'
  actionpack (4.2.1) lib/action_controller/metal/instrumentation.rb:87:in `cleanup_view_runtime'
  activerecord (4.2.1) lib/active_record/railties/controller_runtime.rb:25:in `cleanup_view_runtime'
  actionpack (4.2.1) lib/action_controller/metal/instrumentation.rb:43:in `render'
  actionpack (4.2.1) lib/action_controller/metal/implicit_render.rb:10:in `default_render'
  actionpack (4.2.1) lib/action_controller/metal/implicit_render.rb:5:in `send_action'
  actionpack (4.2.1) lib/abstract_controller/base.rb:198:in `process_action'
  actionpack (4.2.1) lib/action_controller/metal/rendering.rb:10:in `process_action'
  actionpack (4.2.1) lib/abstract_controller/callbacks.rb:20:in `block in process_action'
  activesupport (4.2.1) lib/active_support/callbacks.rb:117:in `call'
  activesupport (4.2.1) lib/active_support/callbacks.rb:117:in `call'
  activesupport (4.2.1) lib/active_support/callbacks.rb:555:in `block (2 levels) in compile'
  activesupport (4.2.1) lib/active_support/callbacks.rb:505:in `call'
  activesupport (4.2.1) lib/active_support/callbacks.rb:505:in `call'
  activesupport (4.2.1) lib/active_support/callbacks.rb:92:in `_run_callbacks'
  activesupport (4.2.1) lib/active_support/callbacks.rb:776:in `_run_process_action_callbacks'
  activesupport (4.2.1) lib/active_support/callbacks.rb:81:in `run_callbacks'
  actionpack (4.2.1) lib/abstract_controller/callbacks.rb:19:in `process_action'
  actionpack (4.2.1) lib/action_controller/metal/rescue.rb:29:in `process_action'
  actionpack (4.2.1) lib/action_controller/metal/instrumentation.rb:32:in `block in process_action'
  activesupport (4.2.1) lib/active_support/notifications.rb:164:in `block in instrument'
  activesupport (4.2.1) lib/active_support/notifications/instrumenter.rb:20:in `instrument'
  activesupport (4.2.1) lib/active_support/notifications.rb:164:in `instrument'
  actionpack (4.2.1) lib/action_controller/metal/instrumentation.rb:30:in `process_action'
  actionpack (4.2.1) lib/action_controller/metal/params_wrapper.rb:250:in `process_action'
  activerecord (4.2.1) lib/active_record/railties/controller_runtime.rb:18:in `process_action'
  actionpack (4.2.1) lib/abstract_controller/base.rb:137:in `process'
  actionview (4.2.1) lib/action_view/rendering.rb:30:in `process'
  actionpack (4.2.1) lib/action_controller/metal.rb:196:in `dispatch'
  actionpack (4.2.1) lib/action_controller/metal/rack_delegation.rb:13:in `dispatch'
  actionpack (4.2.1) lib/action_controller/metal.rb:237:in `block in action'
  actionpack (4.2.1) lib/action_dispatch/routing/route_set.rb:74:in `call'
  actionpack (4.2.1) lib/action_dispatch/routing/route_set.rb:74:in `dispatch'
  actionpack (4.2.1) lib/action_dispatch/routing/route_set.rb:43:in `serve'
  actionpack (4.2.1) lib/action_dispatch/journey/router.rb:43:in `block in serve'
  actionpack (4.2.1) lib/action_dispatch/journey/router.rb:30:in `each'
  actionpack (4.2.1) lib/action_dispatch/journey/router.rb:30:in `serve'
  actionpack (4.2.1) lib/action_dispatch/routing/route_set.rb:819:in `call'
  rack (1.6.1) lib/rack/etag.rb:24:in `call'
  rack (1.6.1) lib/rack/conditionalget.rb:25:in `call'
  rack (1.6.1) lib/rack/head.rb:13:in `call'
  actionpack (4.2.1) lib/action_dispatch/middleware/params_parser.rb:27:in `call'
  actionpack (4.2.1) lib/action_dispatch/middleware/flash.rb:260:in `call'
  rack (1.6.1) lib/rack/session/abstract/id.rb:225:in `context'
  rack (1.6.1) lib/rack/session/abstract/id.rb:220:in `call'
  actionpack (4.2.1) lib/action_dispatch/middleware/cookies.rb:560:in `call'
  activerecord (4.2.1) lib/active_record/query_cache.rb:36:in `call'
  activerecord (4.2.1) lib/active_record/connection_adapters/abstract/connection_pool.rb:649:in `call'
  activerecord (4.2.1) lib/active_record/migration.rb:378:in `call'
  actionpack (4.2.1) lib/action_dispatch/middleware/callbacks.rb:29:in `block in call'
  activesupport (4.2.1) lib/active_support/callbacks.rb:88:in `call'
  activesupport (4.2.1) lib/active_support/callbacks.rb:88:in `_run_callbacks'
  activesupport (4.2.1) lib/active_support/callbacks.rb:776:in `_run_call_callbacks'
  activesupport (4.2.1) lib/active_support/callbacks.rb:81:in `run_callbacks'
  actionpack (4.2.1) lib/action_dispatch/middleware/callbacks.rb:27:in `call'
  actionpack (4.2.1) lib/action_dispatch/middleware/reloader.rb:73:in `call'
  actionpack (4.2.1) lib/action_dispatch/middleware/remote_ip.rb:78:in `call'
  actionpack (4.2.1) lib/action_dispatch/middleware/debug_exceptions.rb:17:in `call'
  web-console (2.1.2) lib/web_console/middleware.rb:37:in `call'
  actionpack (4.2.1) lib/action_dispatch/middleware/show_exceptions.rb:30:in `call'
  railties (4.2.1) lib/rails/rack/logger.rb:38:in `call_app'
  railties (4.2.1) lib/rails/rack/logger.rb:20:in `block in call'
  activesupport (4.2.1) lib/active_support/tagged_logging.rb:68:in `block in tagged'
  activesupport (4.2.1) lib/active_support/tagged_logging.rb:26:in `tagged'
  activesupport (4.2.1) lib/active_support/tagged_logging.rb:68:in `tagged'
  railties (4.2.1) lib/rails/rack/logger.rb:20:in `call'
  actionpack (4.2.1) lib/action_dispatch/middleware/request_id.rb:21:in `call'
  rack (1.6.1) lib/rack/methodoverride.rb:22:in `call'
  rack (1.6.1) lib/rack/runtime.rb:18:in `call'
  activesupport (4.2.1) lib/active_support/cache/strategy/local_cache_middleware.rb:28:in `call'
  rack (1.6.1) lib/rack/lock.rb:17:in `call'
  actionpack (4.2.1) lib/action_dispatch/middleware/static.rb:113:in `call'
  rack (1.6.1) lib/rack/sendfile.rb:113:in `call'
  railties (4.2.1) lib/rails/engine.rb:518:in `call'
  railties (4.2.1) lib/rails/application.rb:164:in `call'
  rack (1.6.1) lib/rack/lock.rb:17:in `call'
  rack (1.6.1) lib/rack/content_length.rb:15:in `call'
  rack (1.6.1) lib/rack/handler/webrick.rb:89:in `service'
  /Users/apprentice/.rbenv/versions/2.0.0-p353/lib/ruby/2.0.0/webrick/httpserver.rb:138:in `service'
  /Users/apprentice/.rbenv/versions/2.0.0-p353/lib/ruby/2.0.0/webrick/httpserver.rb:94:in `run'
  /Users/apprentice/.rbenv/versions/2.0.0-p353/lib/ruby/2.0.0/webrick/server.rb:295:in `block in start_thread'


  Rendered /Users/apprentice/.rbenv/versions/2.0.0-p353/lib/ruby/gems/2.0.0/gems/actionpack-4.2.1/lib/action_dispatch/middleware/templates/rescues/_source.erb (7.0ms)
  Rendered /Users/apprentice/.rbenv/versions/2.0.0-p353/lib/ruby/gems/2.0.0/gems/actionpack-4.2.1/lib/action_dispatch/middleware/templates/rescues/_trace.html.erb (2.6ms)
  Rendered /Users/apprentice/.rbenv/versions/2.0.0-p353/lib/ruby/gems/2.0.0/gems/actionpack-4.2.1/lib/action_dispatch/middleware/templates/rescues/_request_and_response.html.erb (0.8ms)
  Rendered /Users/apprentice/.rbenv/versions/2.0.0-p353/lib/ruby/gems/2.0.0/gems/actionpack-4.2.1/lib/action_dispatch/middleware/templates/rescues/missing_template.html.erb within rescues/layout (23.7ms)
  Rendered /Users/apprentice/.rbenv/versions/2.0.0-p353/lib/ruby/gems/2.0.0/gems/web-console-2.1.2/lib/web_console/templates/_markup.html.erb (0.3ms)
  Rendered /Users/apprentice/.rbenv/versions/2.0.0-p353/lib/ruby/gems/2.0.0/gems/web-console-2.1.2/lib/web_console/templates/style.css.erb within layouts/inlined_string (0.3ms)
  Rendered /Users/apprentice/.rbenv/versions/2.0.0-p353/lib/ruby/gems/2.0.0/gems/web-console-2.1.2/lib/web_console/templates/_inner_console_markup.html.erb within layouts/inlined_string (0.3ms)
  Rendered /Users/apprentice/.rbenv/versions/2.0.0-p353/lib/ruby/gems/2.0.0/gems/web-console-2.1.2/lib/web_console/templates/_prompt_box_markup.html.erb within layouts/inlined_string (0.2ms)
  Rendered /Users/apprentice/.rbenv/versions/2.0.0-p353/lib/ruby/gems/2.0.0/gems/web-console-2.1.2/lib/web_console/templates/console.js.erb within layouts/javascript (15.1ms)
  Rendered /Users/apprentice/.rbenv/versions/2.0.0-p353/lib/ruby/gems/2.0.0/gems/web-console-2.1.2/lib/web_console/templates/main.js.erb within layouts/javascript (0.3ms)
  Rendered /Users/apprentice/.rbenv/versions/2.0.0-p353/lib/ruby/gems/2.0.0/gems/web-console-2.1.2/lib/web_console/templates/error_page.js.erb within layouts/javascript (0.3ms)
  Rendered /Users/apprentice/.rbenv/versions/2.0.0-p353/lib/ruby/gems/2.0.0/gems/web-console-2.1.2/lib/web_console/templates/index.html.erb (31.9ms)


Started GET "/" for ::1 at 2015-05-25 16:02:51 +1200
Processing by ApplicationController#index as HTML
  Rendered application/index.html.erb within layouts/application (0.7ms)
Completed 200 OK in 3912ms (Views: 3910.9ms | ActiveRecord: 0.0ms)


Started GET "/assets/application.self-e80e8f2318043e8af94dddc2adad5a4f09739a8ebb323b3ab31cd71d45fd9113.css?body=1" for ::1 at 2015-05-25 16:02:55 +1200


Started GET "/assets/jquery.self-d03a5518f45df77341bdbe6201ba3bfa547ebba8ed64f0ea56bfa5f96ea7c074.js?body=1" for ::1 at 2015-05-25 16:02:55 +1200


Started GET "/assets/jquery_ujs.self-8e98a7a072a6cee1372d19fff9ff3e6aa1e39a37d89d6f06861637d061113ee7.js?body=1" for ::1 at 2015-05-25 16:02:55 +1200


Started GET "/assets/turbolinks.self-c37727e9bd6b2735da5c311aa83fead54ed0be6cc8bd9a65309e9c5abe2cbfff.js?body=1" for ::1 at 2015-05-25 16:02:55 +1200


Started GET "/assets/application.self-3b8dabdc891efe46b9a144b400ad69e37d7e5876bdc39dee783419a69d7ca819.js?body=1" for ::1 at 2015-05-25 16:02:55 +1200


Started GET "/" for ::1 at 2015-05-25 16:07:21 +1200
Processing by ApplicationController#index as HTML
  Rendered application/index.html.erb within layouts/application (0.1ms)
Completed 200 OK in 177ms (Views: 175.3ms | ActiveRecord: 0.0ms)


Started GET "/assets/application.self-e80e8f2318043e8af94dddc2adad5a4f09739a8ebb323b3ab31cd71d45fd9113.css?body=1" for ::1 at 2015-05-25 16:07:21 +1200


Started GET "/assets/jquery.self-d03a5518f45df77341bdbe6201ba3bfa547ebba8ed64f0ea56bfa5f96ea7c074.js?body=1" for ::1 at 2015-05-25 16:07:21 +1200


Started GET "/assets/application.self-3b8dabdc891efe46b9a144b400ad69e37d7e5876bdc39dee783419a69d7ca819.js?body=1" for ::1 at 2015-05-25 16:07:21 +1200


Started GET "/assets/turbolinks.self-c37727e9bd6b2735da5c311aa83fead54ed0be6cc8bd9a65309e9c5abe2cbfff.js?body=1" for ::1 at 2015-05-25 16:07:21 +1200


Started GET "/assets/jquery_ujs.self-8e98a7a072a6cee1372d19fff9ff3e6aa1e39a37d89d6f06861637d061113ee7.js?body=1" for ::1 at 2015-05-25 16:07:21 +1200


Started GET "/" for ::1 at 2015-05-25 16:08:18 +1200
Processing by ApplicationController#index as HTML
  Rendered application/index.html.erb within layouts/application (0.6ms)
Completed 200 OK in 24ms (Views: 22.9ms | ActiveRecord: 0.0ms)


Started GET "/assets/application.self-e80e8f2318043e8af94dddc2adad5a4f09739a8ebb323b3ab31cd71d45fd9113.css?body=1" for ::1 at 2015-05-25 16:08:18 +1200


Started GET "/assets/jquery_ujs.self-8e98a7a072a6cee1372d19fff9ff3e6aa1e39a37d89d6f06861637d061113ee7.js?body=1" for ::1 at 2015-05-25 16:08:18 +1200


Started GET "/assets/turbolinks.self-c37727e9bd6b2735da5c311aa83fead54ed0be6cc8bd9a65309e9c5abe2cbfff.js?body=1" for ::1 at 2015-05-25 16:08:18 +1200


Started GET "/assets/application.self-3b8dabdc891efe46b9a144b400ad69e37d7e5876bdc39dee783419a69d7ca819.js?body=1" for ::1 at 2015-05-25 16:08:18 +1200


Started GET "/assets/jquery.self-d03a5518f45df77341bdbe6201ba3bfa547ebba8ed64f0ea56bfa5f96ea7c074.js?body=1" for ::1 at 2015-05-25 16:08:18 +1200


Started GET "/css/bootstrap.min.css" for ::1 at 2015-05-25 16:08:18 +1200

ActionController::RoutingError (No route matches [GET] "/css/bootstrap.min.css"):
  actionpack (4.2.1) lib/action_dispatch/middleware/debug_exceptions.rb:21:in `call'
  web-console (2.1.2) lib/web_console/middleware.rb:37:in `call'
  actionpack (4.2.1) lib/action_dispatch/middleware/show_exceptions.rb:30:in `call'
  railties (4.2.1) lib/rails/rack/logger.rb:38:in `call_app'
  railties (4.2.1) lib/rails/rack/logger.rb:20:in `block in call'
  activesupport (4.2.1) lib/active_support/tagged_logging.rb:68:in `block in tagged'
  activesupport (4.2.1) lib/active_support/tagged_logging.rb:26:in `tagged'
  activesupport (4.2.1) lib/active_support/tagged_logging.rb:68:in `tagged'
  railties (4.2.1) lib/rails/rack/logger.rb:20:in `call'
  actionpack (4.2.1) lib/action_dispatch/middleware/request_id.rb:21:in `call'
  rack (1.6.1) lib/rack/methodoverride.rb:22:in `call'
  rack (1.6.1) lib/rack/runtime.rb:18:in `call'
  activesupport (4.2.1) lib/active_support/cache/strategy/local_cache_middleware.rb:28:in `call'
  rack (1.6.1) lib/rack/lock.rb:17:in `call'
  actionpack (4.2.1) lib/action_dispatch/middleware/static.rb:113:in `call'
  rack (1.6.1) lib/rack/sendfile.rb:113:in `call'
  railties (4.2.1) lib/rails/engine.rb:518:in `call'
  railties (4.2.1) lib/rails/application.rb:164:in `call'
  rack (1.6.1) lib/rack/lock.rb:17:in `call'
  rack (1.6.1) lib/rack/content_length.rb:15:in `call'
  rack (1.6.1) lib/rack/handler/webrick.rb:89:in `service'
  /Users/apprentice/.rbenv/versions/2.0.0-p353/lib/ruby/2.0.0/webrick/httpserver.rb:138:in `service'
  /Users/apprentice/.rbenv/versions/2.0.0-p353/lib/ruby/2.0.0/webrick/httpserver.rb:94:in `run'
  /Users/apprentice/.rbenv/versions/2.0.0-p353/lib/ruby/2.0.0/webrick/server.rb:295:in `block in start_thread'


  Rendered /Users/apprentice/.rbenv/versions/2.0.0-p353/lib/ruby/gems/2.0.0/gems/actionpack-4.2.1/lib/action_dispatch/middleware/templates/rescues/_trace.html.erb (2.4ms)
  Rendered /Users/apprentice/.rbenv/versions/2.0.0-p353/lib/ruby/gems/2.0.0/gems/actionpack-4.2.1/lib/action_dispatch/middleware/templates/routes/_route.html.erb (1.3ms)
  Rendered /Users/apprentice/.rbenv/versions/2.0.0-p353/lib/ruby/gems/2.0.0/gems/actionpack-4.2.1/lib/action_dispatch/middleware/templates/routes/_table.html.erb (60.3ms)
  Rendered /Users/apprentice/.rbenv/versions/2.0.0-p353/lib/ruby/gems/2.0.0/gems/actionpack-4.2.1/lib/action_dispatch/middleware/templates/rescues/_request_and_response.html.erb (1.6ms)
  Rendered /Users/apprentice/.rbenv/versions/2.0.0-p353/lib/ruby/gems/2.0.0/gems/actionpack-4.2.1/lib/action_dispatch/middleware/templates/rescues/routing_error.html.erb within rescues/layout (138.2ms)
  Rendered /Users/apprentice/.rbenv/versions/2.0.0-p353/lib/ruby/gems/2.0.0/gems/web-console-2.1.2/lib/web_console/templates/_markup.html.erb (0.6ms)
  Rendered /Users/apprentice/.rbenv/versions/2.0.0-p353/lib/ruby/gems/2.0.0/gems/web-console-2.1.2/lib/web_console/templates/style.css.erb within layouts/inlined_string (0.3ms)
  Rendered /Users/apprentice/.rbenv/versions/2.0.0-p353/lib/ruby/gems/2.0.0/gems/web-console-2.1.2/lib/web_console/templates/_inner_console_markup.html.erb within layouts/inlined_string (0.3ms)
  Rendered /Users/apprentice/.rbenv/versions/2.0.0-p353/lib/ruby/gems/2.0.0/gems/web-console-2.1.2/lib/web_console/templates/_prompt_box_markup.html.erb within layouts/inlined_string (0.3ms)
  Rendered /Users/apprentice/.rbenv/versions/2.0.0-p353/lib/ruby/gems/2.0.0/gems/web-console-2.1.2/lib/web_console/templates/console.js.erb within layouts/javascript (17.0ms)
  Rendered /Users/apprentice/.rbenv/versions/2.0.0-p353/lib/ruby/gems/2.0.0/gems/web-console-2.1.2/lib/web_console/templates/main.js.erb within layouts/javascript (0.3ms)
  Rendered /Users/apprentice/.rbenv/versions/2.0.0-p353/lib/ruby/gems/2.0.0/gems/web-console-2.1.2/lib/web_console/templates/error_page.js.erb within layouts/javascript (0.4ms)
  Rendered /Users/apprentice/.rbenv/versions/2.0.0-p353/lib/ruby/gems/2.0.0/gems/web-console-2.1.2/lib/web_console/templates/index.html.erb (39.4ms)


Started GET "/css/heroic-features.css" for ::1 at 2015-05-25 16:08:18 +1200

ActionController::RoutingError (No route matches [GET] "/css/heroic-features.css"):
  actionpack (4.2.1) lib/action_dispatch/middleware/debug_exceptions.rb:21:in `call'
  web-console (2.1.2) lib/web_console/middleware.rb:37:in `call'
  actionpack (4.2.1) lib/action_dispatch/middleware/show_exceptions.rb:30:in `call'
  railties (4.2.1) lib/rails/rack/logger.rb:38:in `call_app'
  railties (4.2.1) lib/rails/rack/logger.rb:20:in `block in call'
  activesupport (4.2.1) lib/active_support/tagged_logging.rb:68:in `block in tagged'
  activesupport (4.2.1) lib/active_support/tagged_logging.rb:26:in `tagged'
  activesupport (4.2.1) lib/active_support/tagged_logging.rb:68:in `tagged'
  railties (4.2.1) lib/rails/rack/logger.rb:20:in `call'
  actionpack (4.2.1) lib/action_dispatch/middleware/request_id.rb:21:in `call'
  rack (1.6.1) lib/rack/methodoverride.rb:22:in `call'
  rack (1.6.1) lib/rack/runtime.rb:18:in `call'
  activesupport (4.2.1) lib/active_support/cache/strategy/local_cache_middleware.rb:28:in `call'
  rack (1.6.1) lib/rack/lock.rb:17:in `call'
  actionpack (4.2.1) lib/action_dispatch/middleware/static.rb:113:in `call'
  rack (1.6.1) lib/rack/sendfile.rb:113:in `call'
  railties (4.2.1) lib/rails/engine.rb:518:in `call'
  railties (4.2.1) lib/rails/application.rb:164:in `call'
  rack (1.6.1) lib/rack/lock.rb:17:in `call'
  rack (1.6.1) lib/rack/content_length.rb:15:in `call'
  rack (1.6.1) lib/rack/handler/webrick.rb:89:in `service'
  /Users/apprentice/.rbenv/versions/2.0.0-p353/lib/ruby/2.0.0/webrick/httpserver.rb:138:in `service'
  /Users/apprentice/.rbenv/versions/2.0.0-p353/lib/ruby/2.0.0/webrick/httpserver.rb:94:in `run'
  /Users/apprentice/.rbenv/versions/2.0.0-p353/lib/ruby/2.0.0/webrick/server.rb:295:in `block in start_thread'


  Rendered /Users/apprentice/.rbenv/versions/2.0.0-p353/lib/ruby/gems/2.0.0/gems/actionpack-4.2.1/lib/action_dispatch/middleware/templates/rescues/_trace.html.erb (1.3ms)
  Rendered /Users/apprentice/.rbenv/versions/2.0.0-p353/lib/ruby/gems/2.0.0/gems/actionpack-4.2.1/lib/action_dispatch/middleware/templates/routes/_route.html.erb (0.7ms)
  Rendered /Users/apprentice/.rbenv/versions/2.0.0-p353/lib/ruby/gems/2.0.0/gems/actionpack-4.2.1/lib/action_dispatch/middleware/templates/routes/_table.html.erb (61.3ms)
  Rendered /Users/apprentice/.rbenv/versions/2.0.0-p353/lib/ruby/gems/2.0.0/gems/actionpack-4.2.1/lib/action_dispatch/middleware/templates/rescues/_request_and_response.html.erb (1.3ms)
  Rendered /Users/apprentice/.rbenv/versions/2.0.0-p353/lib/ruby/gems/2.0.0/gems/actionpack-4.2.1/lib/action_dispatch/middleware/templates/rescues/routing_error.html.erb within rescues/layout (81.6ms)
  Rendered /Users/apprentice/.rbenv/versions/2.0.0-p353/lib/ruby/gems/2.0.0/gems/web-console-2.1.2/lib/web_console/templates/_markup.html.erb (0.6ms)
  Rendered /Users/apprentice/.rbenv/versions/2.0.0-p353/lib/ruby/gems/2.0.0/gems/web-console-2.1.2/lib/web_console/templates/style.css.erb within layouts/inlined_string (0.3ms)
  Rendered /Users/apprentice/.rbenv/versions/2.0.0-p353/lib/ruby/gems/2.0.0/gems/web-console-2.1.2/lib/web_console/templates/_inner_console_markup.html.erb within layouts/inlined_string (0.3ms)
  Rendered /Users/apprentice/.rbenv/versions/2.0.0-p353/lib/ruby/gems/2.0.0/gems/web-console-2.1.2/lib/web_console/templates/_prompt_box_markup.html.erb within layouts/inlined_string (0.3ms)
  Rendered /Users/apprentice/.rbenv/versions/2.0.0-p353/lib/ruby/gems/2.0.0/gems/web-console-2.1.2/lib/web_console/templates/console.js.erb within layouts/javascript (15.1ms)
  Rendered /Users/apprentice/.rbenv/versions/2.0.0-p353/lib/ruby/gems/2.0.0/gems/web-console-2.1.2/lib/web_console/templates/main.js.erb within layouts/javascript (0.3ms)
  Rendered /Users/apprentice/.rbenv/versions/2.0.0-p353/lib/ruby/gems/2.0.0/gems/web-console-2.1.2/lib/web_console/templates/error_page.js.erb within layouts/javascript (0.5ms)
  Rendered /Users/apprentice/.rbenv/versions/2.0.0-p353/lib/ruby/gems/2.0.0/gems/web-console-2.1.2/lib/web_console/templates/index.html.erb (33.5ms)


Started GET "/js/jquery.js" for ::1 at 2015-05-25 16:08:19 +1200

ActionController::RoutingError (No route matches [GET] "/js/jquery.js"):
  actionpack (4.2.1) lib/action_dispatch/middleware/debug_exceptions.rb:21:in `call'
  web-console (2.1.2) lib/web_console/middleware.rb:37:in `call'
  actionpack (4.2.1) lib/action_dispatch/middleware/show_exceptions.rb:30:in `call'
  railties (4.2.1) lib/rails/rack/logger.rb:38:in `call_app'
  railties (4.2.1) lib/rails/rack/logger.rb:20:in `block in call'
  activesupport (4.2.1) lib/active_support/tagged_logging.rb:68:in `block in tagged'
  activesupport (4.2.1) lib/active_support/tagged_logging.rb:26:in `tagged'
  activesupport (4.2.1) lib/active_support/tagged_logging.rb:68:in `tagged'
  railties (4.2.1) lib/rails/rack/logger.rb:20:in `call'
  actionpack (4.2.1) lib/action_dispatch/middleware/request_id.rb:21:in `call'
  rack (1.6.1) lib/rack/methodoverride.rb:22:in `call'
  rack (1.6.1) lib/rack/runtime.rb:18:in `call'
  activesupport (4.2.1) lib/active_support/cache/strategy/local_cache_middleware.rb:28:in `call'
  rack (1.6.1) lib/rack/lock.rb:17:in `call'
  actionpack (4.2.1) lib/action_dispatch/middleware/static.rb:113:in `call'
  rack (1.6.1) lib/rack/sendfile.rb:113:in `call'
  railties (4.2.1) lib/rails/engine.rb:518:in `call'
  railties (4.2.1) lib/rails/application.rb:164:in `call'
  rack (1.6.1) lib/rack/lock.rb:17:in `call'
  rack (1.6.1) lib/rack/content_length.rb:15:in `call'
  rack (1.6.1) lib/rack/handler/webrick.rb:89:in `service'
  /Users/apprentice/.rbenv/versions/2.0.0-p353/lib/ruby/2.0.0/webrick/httpserver.rb:138:in `service'
  /Users/apprentice/.rbenv/versions/2.0.0-p353/lib/ruby/2.0.0/webrick/httpserver.rb:94:in `run'
  /Users/apprentice/.rbenv/versions/2.0.0-p353/lib/ruby/2.0.0/webrick/server.rb:295:in `block in start_thread'


  Rendered /Users/apprentice/.rbenv/versions/2.0.0-p353/lib/ruby/gems/2.0.0/gems/actionpack-4.2.1/lib/action_dispatch/middleware/templates/rescues/_trace.html.erb (1.5ms)
  Rendered /Users/apprentice/.rbenv/versions/2.0.0-p353/lib/ruby/gems/2.0.0/gems/actionpack-4.2.1/lib/action_dispatch/middleware/templates/routes/_route.html.erb (0.6ms)
  Rendered /Users/apprentice/.rbenv/versions/2.0.0-p353/lib/ruby/gems/2.0.0/gems/actionpack-4.2.1/lib/action_dispatch/middleware/templates/routes/_table.html.erb (1.6ms)
  Rendered /Users/apprentice/.rbenv/versions/2.0.0-p353/lib/ruby/gems/2.0.0/gems/actionpack-4.2.1/lib/action_dispatch/middleware/templates/rescues/_request_and_response.html.erb (2.6ms)
  Rendered /Users/apprentice/.rbenv/versions/2.0.0-p353/lib/ruby/gems/2.0.0/gems/actionpack-4.2.1/lib/action_dispatch/middleware/templates/rescues/routing_error.html.erb within rescues/layout (31.4ms)
  Rendered /Users/apprentice/.rbenv/versions/2.0.0-p353/lib/ruby/gems/2.0.0/gems/web-console-2.1.2/lib/web_console/templates/_markup.html.erb (1.3ms)
  Rendered /Users/apprentice/.rbenv/versions/2.0.0-p353/lib/ruby/gems/2.0.0/gems/web-console-2.1.2/lib/web_console/templates/style.css.erb within layouts/inlined_string (0.3ms)
  Rendered /Users/apprentice/.rbenv/versions/2.0.0-p353/lib/ruby/gems/2.0.0/gems/web-console-2.1.2/lib/web_console/templates/_inner_console_markup.html.erb within layouts/inlined_string (0.6ms)
  Rendered /Users/apprentice/.rbenv/versions/2.0.0-p353/lib/ruby/gems/2.0.0/gems/web-console-2.1.2/lib/web_console/templates/_prompt_box_markup.html.erb within layouts/inlined_string (0.3ms)
  Rendered /Users/apprentice/.rbenv/versions/2.0.0-p353/lib/ruby/gems/2.0.0/gems/web-console-2.1.2/lib/web_console/templates/console.js.erb within layouts/javascript (16.4ms)
  Rendered /Users/apprentice/.rbenv/versions/2.0.0-p353/lib/ruby/gems/2.0.0/gems/web-console-2.1.2/lib/web_console/templates/main.js.erb within layouts/javascript (0.3ms)
  Rendered /Users/apprentice/.rbenv/versions/2.0.0-p353/lib/ruby/gems/2.0.0/gems/web-console-2.1.2/lib/web_console/templates/error_page.js.erb within layouts/javascript (0.4ms)
  Rendered /Users/apprentice/.rbenv/versions/2.0.0-p353/lib/ruby/gems/2.0.0/gems/web-console-2.1.2/lib/web_console/templates/index.html.erb (46.9ms)


Started GET "/js/bootstrap.min.js" for ::1 at 2015-05-25 16:08:19 +1200

ActionController::RoutingError (No route matches [GET] "/js/bootstrap.min.js"):
  actionpack (4.2.1) lib/action_dispatch/middleware/debug_exceptions.rb:21:in `call'
  web-console (2.1.2) lib/web_console/middleware.rb:37:in `call'
  actionpack (4.2.1) lib/action_dispatch/middleware/show_exceptions.rb:30:in `call'
  railties (4.2.1) lib/rails/rack/logger.rb:38:in `call_app'
  railties (4.2.1) lib/rails/rack/logger.rb:20:in `block in call'
  activesupport (4.2.1) lib/active_support/tagged_logging.rb:68:in `block in tagged'
  activesupport (4.2.1) lib/active_support/tagged_logging.rb:26:in `tagged'
  activesupport (4.2.1) lib/active_support/tagged_logging.rb:68:in `tagged'
  railties (4.2.1) lib/rails/rack/logger.rb:20:in `call'
  actionpack (4.2.1) lib/action_dispatch/middleware/request_id.rb:21:in `call'
  rack (1.6.1) lib/rack/methodoverride.rb:22:in `call'
  rack (1.6.1) lib/rack/runtime.rb:18:in `call'
  activesupport (4.2.1) lib/active_support/cache/strategy/local_cache_middleware.rb:28:in `call'
  rack (1.6.1) lib/rack/lock.rb:17:in `call'
  actionpack (4.2.1) lib/action_dispatch/middleware/static.rb:113:in `call'
  rack (1.6.1) lib/rack/sendfile.rb:113:in `call'
  railties (4.2.1) lib/rails/engine.rb:518:in `call'
  railties (4.2.1) lib/rails/application.rb:164:in `call'
  rack (1.6.1) lib/rack/lock.rb:17:in `call'
  rack (1.6.1) lib/rack/content_length.rb:15:in `call'
  rack (1.6.1) lib/rack/handler/webrick.rb:89:in `service'
  /Users/apprentice/.rbenv/versions/2.0.0-p353/lib/ruby/2.0.0/webrick/httpserver.rb:138:in `service'
  /Users/apprentice/.rbenv/versions/2.0.0-p353/lib/ruby/2.0.0/webrick/httpserver.rb:94:in `run'
  /Users/apprentice/.rbenv/versions/2.0.0-p353/lib/ruby/2.0.0/webrick/server.rb:295:in `block in start_thread'


  Rendered /Users/apprentice/.rbenv/versions/2.0.0-p353/lib/ruby/gems/2.0.0/gems/actionpack-4.2.1/lib/action_dispatch/middleware/templates/rescues/_trace.html.erb (1.3ms)
  Rendered /Users/apprentice/.rbenv/versions/2.0.0-p353/lib/ruby/gems/2.0.0/gems/actionpack-4.2.1/lib/action_dispatch/middleware/templates/routes/_route.html.erb (0.6ms)
  Rendered /Users/apprentice/.rbenv/versions/2.0.0-p353/lib/ruby/gems/2.0.0/gems/actionpack-4.2.1/lib/action_dispatch/middleware/templates/routes/_table.html.erb (1.4ms)
  Rendered /Users/apprentice/.rbenv/versions/2.0.0-p353/lib/ruby/gems/2.0.0/gems/actionpack-4.2.1/lib/action_dispatch/middleware/templates/rescues/_request_and_response.html.erb (1.2ms)
  Rendered /Users/apprentice/.rbenv/versions/2.0.0-p353/lib/ruby/gems/2.0.0/gems/actionpack-4.2.1/lib/action_dispatch/middleware/templates/rescues/routing_error.html.erb within rescues/layout (21.7ms)
  Rendered /Users/apprentice/.rbenv/versions/2.0.0-p353/lib/ruby/gems/2.0.0/gems/web-console-2.1.2/lib/web_console/templates/_markup.html.erb (0.3ms)
  Rendered /Users/apprentice/.rbenv/versions/2.0.0-p353/lib/ruby/gems/2.0.0/gems/web-console-2.1.2/lib/web_console/templates/style.css.erb within layouts/inlined_string (0.3ms)
  Rendered /Users/apprentice/.rbenv/versions/2.0.0-p353/lib/ruby/gems/2.0.0/gems/web-console-2.1.2/lib/web_console/templates/_inner_console_markup.html.erb within layouts/inlined_string (0.3ms)
  Rendered /Users/apprentice/.rbenv/versions/2.0.0-p353/lib/ruby/gems/2.0.0/gems/web-console-2.1.2/lib/web_console/templates/_prompt_box_markup.html.erb within layouts/inlined_string (0.3ms)
  Rendered /Users/apprentice/.rbenv/versions/2.0.0-p353/lib/ruby/gems/2.0.0/gems/web-console-2.1.2/lib/web_console/templates/console.js.erb within layouts/javascript (16.8ms)
  Rendered /Users/apprentice/.rbenv/versions/2.0.0-p353/lib/ruby/gems/2.0.0/gems/web-console-2.1.2/lib/web_console/templates/main.js.erb within layouts/javascript (0.3ms)
  Rendered /Users/apprentice/.rbenv/versions/2.0.0-p353/lib/ruby/gems/2.0.0/gems/web-console-2.1.2/lib/web_console/templates/error_page.js.erb within layouts/javascript (0.4ms)
  Rendered /Users/apprentice/.rbenv/versions/2.0.0-p353/lib/ruby/gems/2.0.0/gems/web-console-2.1.2/lib/web_console/templates/index.html.erb (33.9ms)
